src/market.ts(33,7): error TS6133: 'paystackSecret' is declared but its value is never read.
src/market.ts(37,5): error TS6133: 'getPaystackSecretKey' is declared but its value is never read.
src/market.ts(38,5): error TS6133: 'getPlatformCommissionRate' is declared but its value is never read.
src/market.ts(39,5): error TS6133: 'requireAdmin' is declared but its value is never read.
src/market.ts(43,5): error TS6133: 'verifyIdToken' is declared but its value is never read.
src/market.ts(50,7): error TS6133: 'verifyPaymentSchema' is declared but its value is never read.
src/market.ts(63,7): error TS6133: 'initializePaystackTransactionSchema' is declared but its value is never read.
src/market.ts(71,7): error TS6133: 'verifyPaystackTransactionSchema' is declared but its value is never read.
src/market.ts(81,10): error TS6133: 'computePaystackSignature' is declared but its value is never read.
src/market.ts(225,16): error TS6133: 'writeTransactionTruth' is declared but its value is never read.
src/orders.ts(24,1): error TS6133: 'onObjectFinalized' is declared but its value is never read.
src/orders.ts(37,5): error TS6133: 'getPaystackSecretKey' is declared but its value is never read.
src/orders.ts(43,5): error TS6133: 'verifyIdToken' is declared but its value is never read.
src/orders.ts(50,7): error TS6133: 'verifyPaymentSchema' is declared but its value is never read.
src/orders.ts(63,7): error TS6133: 'initializePaystackTransactionSchema' is declared but its value is never read.
src/orders.ts(71,7): error TS6133: 'verifyPaystackTransactionSchema' is declared but its value is never read.
src/orders.ts(81,10): error TS6133: 'computePaystackSignature' is declared but its value is never read.
src/orders.ts(85,7): error TS6133: 'execFileAsync' is declared but its value is never read.
src/orders.ts(87,10): error TS6133: 'safeTmpFile' is declared but its value is never read.
src/orders.ts(92,10): error TS6133: 'parseMarketPostIdFromVideoPath' is declared but its value is never read.
src/orders.ts(105,16): error TS6133: 'ensureDirExists' is declared but its value is never read.
src/orders.ts(113,16): error TS6133: 'writeTransactionTruth' is declared but its value is never read.
src/orders.ts(874,10): error TS6133: 'normalizeMarketHashtags' is declared but its value is never read.
src/orders.ts(933,16): error TS6133: 'uploadMarketImage' is declared but its value is never read.
src/orders.ts(954,16): error TS6133: 'adjustTrendingHashtags' is declared but its value is never read.
src/orders.ts(991,16): error TS6133: 'deleteCollectionInBatches' is declared but its value is never read.
src/payments.ts(24,1): error TS6133: 'onObjectFinalized' is declared but its value is never read.
src/payments.ts(85,7): error TS6133: 'execFileAsync' is declared but its value is never read.
src/payments.ts(87,10): error TS6133: 'safeTmpFile' is declared but its value is never read.
src/payments.ts(92,10): error TS6133: 'parseMarketPostIdFromVideoPath' is declared but its value is never read.
src/payments.ts(105,16): error TS6133: 'ensureDirExists' is declared but its value is never read.
src/payments.ts(1809,10): error TS6133: 'normalizeMarketHashtags' is declared but its value is never read.
src/payments.ts(1868,16): error TS6133: 'uploadMarketImage' is declared but its value is never read.
src/payments.ts(1889,16): error TS6133: 'adjustTrendingHashtags' is declared but its value is never read.
src/payments.ts(1926,16): error TS6133: 'deleteCollectionInBatches' is declared but its value is never read.
src/products.ts(24,1): error TS6133: 'onObjectFinalized' is declared but its value is never read.
src/products.ts(37,5): error TS6133: 'getPaystackSecretKey' is declared but its value is never read.
src/products.ts(38,5): error TS6133: 'getPlatformCommissionRate' is declared but its value is never read.
src/products.ts(39,5): error TS6133: 'requireAdmin' is declared but its value is never read.
src/products.ts(43,5): error TS6133: 'verifyIdToken' is declared but its value is never read.
src/products.ts(50,7): error TS6133: 'verifyPaymentSchema' is declared but its value is never read.
src/products.ts(63,7): error TS6133: 'initializePaystackTransactionSchema' is declared but its value is never read.
src/products.ts(71,7): error TS6133: 'verifyPaystackTransactionSchema' is declared but its value is never read.
src/products.ts(81,10): error TS6133: 'computePaystackSignature' is declared but its value is never read.
src/products.ts(85,7): error TS6133: 'execFileAsync' is declared but its value is never read.
src/products.ts(87,10): error TS6133: 'safeTmpFile' is declared but its value is never read.
src/products.ts(92,10): error TS6133: 'parseMarketPostIdFromVideoPath' is declared but its value is never read.
src/products.ts(105,16): error TS6133: 'ensureDirExists' is declared but its value is never read.
src/products.ts(113,16): error TS6133: 'writeTransactionTruth' is declared but its value is never read.
src/products.ts(943,10): error TS6133: 'normalizeMarketHashtags' is declared but its value is never read.
src/products.ts(1002,16): error TS6133: 'uploadMarketImage' is declared but its value is never read.
src/products.ts(1023,16): error TS6133: 'adjustTrendingHashtags' is declared but its value is never read.
src/products.ts(1060,16): error TS6133: 'deleteCollectionInBatches' is declared but its value is never read.
src/settings.ts(24,1): error TS6133: 'onObjectFinalized' is declared but its value is never read.
src/settings.ts(37,5): error TS6133: 'getPaystackSecretKey' is declared but its value is never read.
src/settings.ts(38,5): error TS6133: 'getPlatformCommissionRate' is declared but its value is never read.
src/settings.ts(43,5): error TS6133: 'verifyIdToken' is declared but its value is never read.
src/settings.ts(50,7): error TS6133: 'verifyPaymentSchema' is declared but its value is never read.
src/settings.ts(63,7): error TS6133: 'initializePaystackTransactionSchema' is declared but its value is never read.
src/settings.ts(71,7): error TS6133: 'verifyPaystackTransactionSchema' is declared but its value is never read.
src/settings.ts(81,10): error TS6133: 'computePaystackSignature' is declared but its value is never read.
src/settings.ts(85,7): error TS6133: 'execFileAsync' is declared but its value is never read.
src/settings.ts(87,10): error TS6133: 'safeTmpFile' is declared but its value is never read.
src/settings.ts(92,10): error TS6133: 'parseMarketPostIdFromVideoPath' is declared but its value is never read.
src/settings.ts(105,16): error TS6133: 'ensureDirExists' is declared but its value is never read.
src/settings.ts(113,16): error TS6133: 'writeTransactionTruth' is declared but its value is never read.
src/settings.ts(2120,10): error TS6133: 'normalizeMarketHashtags' is declared but its value is never read.
src/settings.ts(2179,16): error TS6133: 'uploadMarketImage' is declared but its value is never read.
src/settings.ts(2200,16): error TS6133: 'adjustTrendingHashtags' is declared but its value is never read.
src/settings.ts(2237,16): error TS6133: 'deleteCollectionInBatches' is declared but its value is never read.
src/users.ts(24,1): error TS6133: 'onObjectFinalized' is declared but its value is never read.
src/users.ts(37,5): error TS6133: 'getPaystackSecretKey' is declared but its value is never read.
src/users.ts(38,5): error TS6133: 'getPlatformCommissionRate' is declared but its value is never read.
src/users.ts(43,5): error TS6133: 'verifyIdToken' is declared but its value is never read.
src/users.ts(50,7): error TS6133: 'verifyPaymentSchema' is declared but its value is never read.
src/users.ts(63,7): error TS6133: 'initializePaystackTransactionSchema' is declared but its value is never read.
src/users.ts(71,7): error TS6133: 'verifyPaystackTransactionSchema' is declared but its value is never read.
src/users.ts(81,10): error TS6133: 'computePaystackSignature' is declared but its value is never read.
src/users.ts(85,7): error TS6133: 'execFileAsync' is declared but its value is never read.
src/users.ts(87,10): error TS6133: 'safeTmpFile' is declared but its value is never read.
src/users.ts(92,10): error TS6133: 'parseMarketPostIdFromVideoPath' is declared but its value is never read.
src/users.ts(105,16): error TS6133: 'ensureDirExists' is declared but its value is never read.
src/users.ts(113,16): error TS6133: 'writeTransactionTruth' is declared but its value is never read.
src/users.ts(530,10): error TS6133: 'normalizeMarketHashtags' is declared but its value is never read.
src/users.ts(589,16): error TS6133: 'uploadMarketImage' is declared but its value is never read.
src/users.ts(610,16): error TS6133: 'adjustTrendingHashtags' is declared but its value is never read.
src/users.ts(647,16): error TS6133: 'deleteCollectionInBatches' is declared but its value is never read.
